0 info it worked if it ends with ok
1 verbose cli [ '/usr/local/bin/node', '/usr/local/bin/npm', 'publish' ]
2 info using npm@2.7.4
3 info using node@v0.12.2
4 verbose publish [ '.' ]
5 silly cache add args [ '.', null ]
6 verbose cache add spec .
7 silly cache add parsed spec { raw: '.',
7 silly cache add   scope: null,
7 silly cache add   name: null,
7 silly cache add   rawSpec: '.',
7 silly cache add   spec: '/home/guiller/code/simple-telegram',
7 silly cache add   type: 'directory' }
8 verbose addLocalDirectory /home/guiller/.npm/simple-telegram/0.0.4/package.tgz not in flight; packing
9 verbose tar pack [ '/home/guiller/.npm/simple-telegram/0.0.4/package.tgz',
9 verbose tar pack   '/home/guiller/code/simple-telegram' ]
10 verbose tarball /home/guiller/.npm/simple-telegram/0.0.4/package.tgz
11 verbose folder /home/guiller/code/simple-telegram
12 info prepublish simple-telegram@0.0.4
13 verbose addLocalTarball adding from inside cache /home/guiller/.npm/simple-telegram/0.0.4/package.tgz
14 silly cache afterAdd simple-telegram@0.0.4
15 verbose afterAdd /home/guiller/.npm/simple-telegram/0.0.4/package/package.json not in flight; writing
16 verbose afterAdd /home/guiller/.npm/simple-telegram/0.0.4/package/package.json written
17 silly publish { name: 'simple-telegram',
17 silly publish   version: '0.0.4',
17 silly publish   description: 'Simple wrapper to send and receive messages by Telegram',
17 silly publish   homepage: 'http://github.com/GuillermoPena/simple-telegram',
17 silly publish   keywords: [ 'telegram', 'telegram-cli' ],
17 silly publish   author:
17 silly publish    { name: 'Guillermo Peña',
17 silly publish      email: 'guillermo.pena.cardano@gmail.com',
17 silly publish      url: 'http://www.google.com/profiles/guillermo.pena.cardano' },
17 silly publish   engines: { node: '>=0.6.19' },
17 silly publish   repository:
17 silly publish    { type: 'git',
17 silly publish      url: 'git://github.com/GuillermoPena/simple-telegram.git' },
17 silly publish   bugs: { url: 'http://github.com/GuillermoPena/simple-telegram/issues/' },
17 silly publish   directories: { test: './test' },
17 silly publish   licenses:
17 silly publish    [ { type: 'Apache License, Version 2.0',
17 silly publish        url: 'http://www.apache.org/licenses/LICENSE-2.0' } ],
17 silly publish   dependencies: {},
17 silly publish   main: './lib/simple-telegram.js',
17 silly publish   readme: '# Simple-Telegram\r\n\r\nSimple wrapper to send and receive messages by Telegram\r\n\r\n\r\n\r\n## Pre-requisites\r\n\r\n\nSimple-telegram is based in [vysheng’s telegram-cli project](https://github.com/vysheng/tg). You must install and configure this great project previously to use simple-telegram. You can obtain every info that you need in [vysheng’s repository](https://github.com/vysheng/tg).\r\n\r\nAlso, you must install nodeJs 0.10 or above. You can check more info [here](http://www.nodejs.org).\r\n\r\n\r\n\r\n##Installation\r\n\r\nEasy. If you use npm (recommended):\r\n\r\n\tnpm install simple-telegram\r\n\r\nIf you prefer git:\r\n\r\n\tgit clone https://github.com/GuillermoPena/simple-telegram.git\r\n\r\nSimple-telegram has been tested in Ubuntu 14.04 and Raspberry Pi with Raspbmc.\r\nThis doesn’t mean that simple-telegram doesn’t work in other systems… try it!\r\n\r\n\r\n\r\n##How to use it\r\n\r\nSimple-telegram allows send and receive messages by Telegram so, how do it?\r\n\r\n1. Sending a message:\r\n\r\n\tUsing ‘send’ public method\r\n\tSintaxis: tg.send(userName, message)\r\n\tExample:\r\n\t```javascript\r\n\tvar SimpleTelegram = require(\'simple-telegram\')\r\n\tvar stg = new SimpleTelegram()\r\n\r\n\t// Replace next values to your own paths\r\n\tvar tgBinFile  = "[your path]/telegram-cli"\r\n\tvar tgKeysFile = "[your path]/tg-server.pub"\r\n\r\n\t// Creating simpleTelegram object\r\n\tstg.create(tgBinFile, tgKeysFile)\r\n\r\n\tstg.send("John", "Hi John!")\r\n\t```\r\n\r\n\r\n\r\n2. Receiving a message:\r\n\r\n\tCatching ‘receivedMessage’ event, which provide you a object like this:\r\n\t\tmsg = { “caller”:”John”; “content”: “Hi”; "command": "Hi"; "args":"" }\r\n\tExample:\r\n\r\n\t```javascript\r\n\tvar SimpleTelegram = require(\'simple-telegram\')\r\n\tvar stg = new SimpleTelegram()\r\n\r\n\t// Replace next values to your own paths\r\n\tvar tgBinFile  = "[your path]/telegram-cli"\r\n\tvar tgKeysFile = "[your path]/tg-server.pub"\r\n\r\n\t// Creating simpleTelegram object\r\n\tstg.create(tgBinFile, tgKeysFile)\r\n\r\n\tstg.getProcess().stdout.on("receivedMessage", function(msg) {\r\n\t    console.log("\\nReceived message")\r\n\t    console.dir(msg)\r\n\t})\r\n\t```\r\n\r\n\r\n\r\n## Contributors\r\n\r\n- [GuillermoPena](http://github.com/GuillermoPena)\r\n',
17 silly publish   readmeFilename: 'Readme.md',
17 silly publish   gitHead: 'ac9bb25f059fd9df520d41b954cb478c40fd8967',
17 silly publish   _id: 'simple-telegram@0.0.4',
17 silly publish   scripts: {},
17 silly publish   _shasum: 'ebbd20799af19014318521152eb9a4a224756aac',
17 silly publish   _from: '.' }
18 silly mapToRegistry name simple-telegram
19 silly mapToRegistry using default registry
20 silly mapToRegistry registry https://registry.npmjs.org/
21 silly mapToRegistry uri https://registry.npmjs.org/simple-telegram
22 verbose publish registryBase https://registry.npmjs.org/
23 silly publish uploading /home/guiller/.npm/simple-telegram/0.0.4/package.tgz
24 verbose request uri https://registry.npmjs.org/simple-telegram
25 verbose request sending authorization for write operation
26 info attempt registry request try #1 at 13:35:48
27 verbose request id fd91eae64a53f38f
28 http request PUT https://registry.npmjs.org/simple-telegram
29 http 403 https://registry.npmjs.org/simple-telegram
30 verbose headers { 'content-type': 'application/json',
30 verbose headers   'cache-control': 'max-age=60',
30 verbose headers   'content-length': '95',
30 verbose headers   'accept-ranges': 'bytes',
30 verbose headers   date: 'Thu, 07 May 2015 11:35:50 GMT',
30 verbose headers   via: '1.1 varnish',
30 verbose headers   connection: 'keep-alive',
30 verbose headers   'x-served-by': 'cache-ams4121-AMS',
30 verbose headers   'x-cache': 'MISS',
30 verbose headers   'x-cache-hits': '0',
30 verbose headers   'x-timer': 'S1430998549.937227,VS0,VE702' }
31 verbose request invalidating /home/guiller/.npm/registry.npmjs.org/simple-telegram on PUT
32 error publish Failed PUT 403
33 verbose stack Error: "You cannot publish over the previously published version 0.0.4." : simple-telegram
33 verbose stack     at CachingRegistryClient.<anonymous> (/usr/local/lib/node_modules/npm/node_modules/npm-registry-client/lib/request.js:247:14)
33 verbose stack     at Request._callback (/usr/local/lib/node_modules/npm/node_modules/npm-registry-client/lib/request.js:170:14)
33 verbose stack     at Request.self.callback (/usr/local/lib/node_modules/npm/node_modules/request/request.js:344:22)
33 verbose stack     at Request.emit (events.js:110:17)
33 verbose stack     at Request.<anonymous> (/usr/local/lib/node_modules/npm/node_modules/request/request.js:1239:14)
33 verbose stack     at Request.emit (events.js:129:20)
33 verbose stack     at IncomingMessage.<anonymous> (/usr/local/lib/node_modules/npm/node_modules/request/request.js:1187:12)
33 verbose stack     at IncomingMessage.emit (events.js:129:20)
33 verbose stack     at _stream_readable.js:908:16
33 verbose stack     at process._tickCallback (node.js:355:11)
34 verbose statusCode 403
35 verbose pkgid simple-telegram
36 verbose cwd /home/guiller/code/simple-telegram
37 error Linux 3.13.0-49-generic
38 error argv "/usr/local/bin/node" "/usr/local/bin/npm" "publish"
39 error node v0.12.2
40 error npm  v2.7.4
41 error code E403
42 error "You cannot publish over the previously published version 0.0.4." : simple-telegram
43 error If you need help, you may report this error at:
43 error     <https://github.com/npm/npm/issues>
44 verbose exit [ 1, true ]
